<?xml version="1.0" encoding="UTF-8"?>
<!-- Generated by org.testng.reporters.JUnitXMLReporter -->
<testsuite hostname="AkashSaxena" failures="1" tests="2" name="Test" time="0.045" errors="0" timestamp="20 Dec 2018 07:51:19 GMT">
  <testcase classname="testing.ffp" name="MEthod1" time="0.022">
    <failure type="java.lang.AssertionError" message="expected [Saxena] but found [Akash]">
      <![CDATA[java.lang.AssertionError: expected [Saxena] but found [Akash]
	at testing.ffp.MEthod1(ffp.java:16)
... Removed 29 stack frames]]>
    </failure>
  </testcase> <!-- MEthod1 -->
  <testcase classname="testing.ffp" name="test4" time="0.003"/>
</testsuite> <!-- Test -->
